============================= test session starts =============================
platform win32 -- Python 3.13.7, pytest-9.0.2, pluggy-1.6.0 -- C:\Users\Arihant\Git\terametrics\pyterametrics\.venv\Scripts\python.exe
cachedir: .pytest_cache
rootdir: C:\Users\Arihant\Git\terametrics\pyterametrics
configfile: pyproject.toml
collecting ... collected 33 items

tests/test_metrics.py::TestBlockMetaInfo::test_block_type PASSED         [  3%]
tests/test_metrics.py::TestBlockMetaInfo::test_is_resource PASSED        [  6%]
tests/test_metrics.py::TestBlockMetaInfo::test_block_id PASSED           [  9%]
tests/test_metrics.py::TestBlockMetaInfo::test_block_name PASSED         [ 12%]
tests/test_metrics.py::TestBlockMetaInfo::test_start_block PASSED        [ 15%]
tests/test_metrics.py::TestBlockMetaInfo::test_no_description PASSED     [ 18%]
tests/test_metrics.py::TestComparisonOperators::test_num_comparison_operators PASSED [ 21%]
tests/test_metrics.py::TestComparisonOperators::test_avg_comparison_operators PASSED [ 24%]
tests/test_metrics.py::TestConditionalExpressions::test_num_conditions PASSED [ 27%]
tests/test_metrics.py::TestLogicalOperators::test_num_logical_operators PASSED [ 30%]
tests/test_metrics.py::TestMathOperations::test_num_math_operations PASSED [ 33%]
tests/test_metrics.py::TestFunctionCalls::test_num_function_calls PASSED [ 36%]
tests/test_metrics.py::TestFunctionCalls::test_num_params PASSED         [ 39%]
tests/test_metrics.py::TestNestedBlocks::test_num_nested_blocks PASSED   [ 42%]
tests/test_metrics.py::TestNestedBlocks::test_num_dynamic_blocks PASSED  [ 45%]
tests/test_metrics.py::TestHereDocs::test_num_heredocs PASSED            [ 48%]
tests/test_metrics.py::TestLoops::test_num_loops PASSED                  [ 51%]
tests/test_metrics.py::TestAttributes::test_num_attrs PASSED             [ 54%]
tests/test_metrics.py::TestComplexity::test_depth_of_block PASSED        [ 57%]
tests/test_metrics.py::TestTuplesAndObjects::test_num_tuples PASSED      [ 60%]
tests/test_metrics.py::TestTuplesAndObjects::test_num_objects PASSED     [ 63%]
tests/test_metrics.py::TestTuplesAndObjects::test_num_elem_objects PASSED [ 66%]
tests/test_metrics.py::TestIndexAccess::test_num_index_access PASSED     [ 69%]
tests/test_metrics.py::TestSplatExpressions::test_num_splat_expressions PASSED [ 72%]
tests/test_metrics.py::TestImplicitDependencies::test_num_implicit_dependent_vars PASSED [ 75%]
tests/test_metrics.py::TestImplicitDependencies::test_num_implicit_dependent_locals PASSED [ 78%]
tests/test_metrics.py::TestImplicitDependencies::test_num_implicit_dependent_data PASSED [ 81%]
tests/test_metrics.py::TestImplicitDependencies::test_num_implicit_dependent_each PASSED [ 84%]
tests/test_metrics.py::TestMccabeCC::test_sum_mccabe_cc PASSED           [ 87%]
tests/test_metrics.py::TestMccabeCC::test_max_mccabe_cc PASSED           [ 90%]
tests/test_metrics.py::TestTokens::test_num_tokens PASSED                [ 93%]
tests/test_metrics.py::TestTokens::test_text_entropy PASSED              [ 96%]
tests/test_metrics.py::TestFileAnalysis::test_analyze_file PASSED        [100%]

============================= 33 passed in 8.99s ==============================
